2024-05-23 19:56:08,427 [background-preinit] INFO  o.h.validator.internal.util.Version                - HV000001: Hibernate Validator 6.2.0.Final
2024-05-23 19:56:08,452 [main] INFO  o.f.t.SpringBootSecurityJwtApplication             - Starting SpringBootSecurityJwtApplication using Java 17.0.8 on LAPTOP-R3S7V5PV with PID 74312 (E:\Files\面向对象\Gomoku\server\java-server\target\classes started by lenovo in E:\Files\面向对象\Gomoku\server)
2024-05-23 19:56:08,454 [main] INFO  o.f.t.SpringBootSecurityJwtApplication             - No active profile set, falling back to default profiles: default
2024-05-23 19:56:09,475 [main] INFO  o.s.d.r.c.RepositoryConfigurationDelegate          - Multiple Spring Data modules found, entering strict repository configuration mode!
2024-05-23 19:56:09,477 [main] INFO  o.s.d.r.c.RepositoryConfigurationDelegate          - Bootstrapping Spring Data JPA repositories in DEFAULT mode.
2024-05-23 19:56:09,595 [main] INFO  o.s.d.r.c.RepositoryConfigurationDelegate          - Finished Spring Data repository scanning in 107 ms. Found 3 JPA repository interfaces.
2024-05-23 19:56:09,953 [main] INFO  o.s.c.s.PostProcessorRegistrationDelegate$BeanPostProcessorChecker - Bean 'org.springframework.security.access.expression.method.DefaultMethodSecurityExpressionHandler@6192a5d5' of type [org.springframework.security.access.expression.method.DefaultMethodSecurityExpressionHandler] is not eligible for getting processed by all BeanPostProcessors (for example: not eligible for auto-proxying)
2024-05-23 19:56:09,957 [main] INFO  o.s.c.s.PostProcessorRegistrationDelegate$BeanPostProcessorChecker - Bean 'methodSecurityMetadataSource' of type [org.springframework.security.access.method.DelegatingMethodSecurityMetadataSource] is not eligible for getting processed by all BeanPostProcessors (for example: not eligible for auto-proxying)
2024-05-23 19:56:10,456 [main] INFO  o.s.b.w.embedded.tomcat.TomcatWebServer            - Tomcat initialized with port(s): 9090 (http)
2024-05-23 19:56:10,475 [main] INFO  o.apache.coyote.http11.Http11NioProtocol           - Initializing ProtocolHandler ["http-nio-9090"]
2024-05-23 19:56:10,475 [main] INFO  org.apache.catalina.core.StandardService           - Starting service [Tomcat]
2024-05-23 19:56:10,476 [main] INFO  org.apache.catalina.core.StandardEngine            - Starting Servlet engine: [Apache Tomcat/9.0.46]
2024-05-23 19:56:10,693 [main] INFO  o.a.c.c.C.[Tomcat].[localhost].[/]                 - Initializing Spring embedded WebApplicationContext
2024-05-23 19:56:10,693 [main] INFO  o.s.b.w.s.c.ServletWebServerApplicationContext     - Root WebApplicationContext: initialization completed in 2172 ms
2024-05-23 19:56:10,819 [main] WARN  o.s.b.a.o.j.JpaBaseConfiguration$JpaWebConfiguration - spring.jpa.open-in-view is enabled by default. Therefore, database queries may be performed during view rendering. Explicitly configure spring.jpa.open-in-view to disable this warning
2024-05-23 19:56:10,869 [main] INFO  com.zaxxer.hikari.HikariDataSource                 - HikariPool-1 - Starting...
2024-05-23 19:56:11,001 [main] INFO  com.zaxxer.hikari.HikariDataSource                 - HikariPool-1 - Start completed.
2024-05-23 19:56:11,102 [main] INFO  o.hibernate.jpa.internal.util.LogHelper            - HHH000204: Processing PersistenceUnitInfo [name: default]
2024-05-23 19:56:11,202 [main] INFO  org.hibernate.Version                              - HHH000412: Hibernate ORM core version 5.6.15.Final
2024-05-23 19:56:11,371 [main] INFO  org.hibernate.annotations.common.Version           - HCANN000001: Hibernate Commons Annotations {5.1.2.Final}
2024-05-23 19:56:11,521 [main] INFO  org.hibernate.dialect.Dialect                      - HHH000400: Using dialect: org.fatmansoft.teach.sqlite.SQLDialect
2024-05-23 19:56:12,012 [main] INFO  o.h.e.t.j.p.i.JtaPlatformInitiator                 - HHH000490: Using JtaPlatform implementation: [org.hibernate.engine.transaction.jta.platform.internal.NoJtaPlatform]
2024-05-23 19:56:12,019 [main] INFO  o.s.o.j.LocalContainerEntityManagerFactoryBean     - Initialized JPA EntityManagerFactory for persistence unit 'default'
2024-05-23 19:56:12,943 [main] INFO  o.s.b.a.w.s.WelcomePageHandlerMapping              - Adding welcome page: class path resource [public/index.html]
2024-05-23 19:56:13,096 [main] INFO  o.s.s.web.DefaultSecurityFilterChain               - Will secure any request with [org.springframework.security.web.context.request.async.WebAsyncManagerIntegrationFilter@31cddb11, org.springframework.security.web.context.SecurityContextPersistenceFilter@47eff554, org.springframework.security.web.header.HeaderWriterFilter@1e75af65, org.springframework.web.filter.CorsFilter@510bd87a, org.springframework.security.web.authentication.logout.LogoutFilter@7282f7b1, org.fatmansoft.teach.security.jwt.AuthTokenFilter@4fce3ed7, org.springframework.security.web.savedrequest.RequestCacheAwareFilter@54b35809, org.springframework.security.web.servletapi.SecurityContextHolderAwareRequestFilter@7c5c2b17, org.springframework.security.web.authentication.AnonymousAuthenticationFilter@3d213a2b, org.springframework.security.web.session.SessionManagementFilter@31b67d61, org.springframework.security.web.access.ExceptionTranslationFilter@25a52a60, org.springframework.security.web.access.intercept.FilterSecurityInterceptor@b791e6e]
2024-05-23 19:56:13,429 [main] INFO  o.apache.coyote.http11.Http11NioProtocol           - Starting ProtocolHandler ["http-nio-9090"]
2024-05-23 19:56:13,491 [main] INFO  o.s.b.w.embedded.tomcat.TomcatWebServer            - Tomcat started on port(s): 9090 (http) with context path ''
2024-05-23 19:56:13,504 [main] INFO  o.f.t.SpringBootSecurityJwtApplication             - Started SpringBootSecurityJwtApplication in 5.582 seconds (JVM running for 6.245)
2024-05-23 19:57:20,312 [http-nio-9090-exec-1] INFO  o.a.c.c.C.[Tomcat].[localhost].[/]                 - Initializing Spring DispatcherServlet 'dispatcherServlet'
2024-05-23 19:57:20,312 [http-nio-9090-exec-1] INFO  o.s.web.servlet.DispatcherServlet                  - Initializing Servlet 'dispatcherServlet'
2024-05-23 19:57:20,312 [http-nio-9090-exec-1] INFO  o.s.web.servlet.DispatcherServlet                  - Completed initialization in 0 ms
2024-05-23 19:57:20,511 [http-nio-9090-exec-1] INFO  o.f.teach.security.jwt.AuthTokenFilter             - /auth/user/registerUser,,2024-05-23 19:57:20,0.182
2024-05-23 19:57:25,453 [http-nio-9090-exec-2] INFO  o.f.teach.security.jwt.AuthTokenFilter             - /auth/user/loginUser,,2024-05-23 19:57:25,0.04
2024-05-23 19:57:25,842 [http-nio-9090-exec-3] INFO  o.f.teach.security.jwt.AuthTokenFilter             - /auth/lobby/getRoomList,,2024-05-23 19:57:25,0.022
2024-05-23 19:57:37,006 [http-nio-9090-exec-4] INFO  o.f.teach.security.jwt.AuthTokenFilter             - /auth/user/registerUser,,2024-05-23 19:57:36,0.042
2024-05-23 19:57:48,695 [http-nio-9090-exec-5] INFO  o.f.teach.security.jwt.AuthTokenFilter             - /auth/user/loginUser,,2024-05-23 19:57:48,0.002
2024-05-23 19:57:48,719 [http-nio-9090-exec-6] INFO  o.f.teach.security.jwt.AuthTokenFilter             - /auth/lobby/getRoomList,,2024-05-23 19:57:48,0.005
2024-05-23 19:57:53,633 [http-nio-9090-exec-7] INFO  o.f.teach.security.jwt.AuthTokenFilter             - /auth/lobby/createRoom,,2024-05-23 19:57:53,0.045
2024-05-23 19:57:53,848 [http-nio-9090-exec-8] INFO  o.f.teach.security.jwt.AuthTokenFilter             - /auth/lobby/getRoomList,,2024-05-23 19:57:53,0.005
2024-05-23 19:57:54,314 [http-nio-9090-exec-9] INFO  o.f.teach.security.jwt.AuthTokenFilter             - /auth/room/getRoomData,,2024-05-23 19:57:54,0.046
2024-05-23 19:57:55,271 [http-nio-9090-exec-10] INFO  o.f.teach.security.jwt.AuthTokenFilter             - /auth/room/getRoomData,,2024-05-23 19:57:55,0.003
2024-05-23 19:57:56,270 [http-nio-9090-exec-1] INFO  o.f.teach.security.jwt.AuthTokenFilter             - /auth/room/getRoomData,,2024-05-23 19:57:56,0.003
2024-05-23 19:57:57,277 [http-nio-9090-exec-2] INFO  o.f.teach.security.jwt.AuthTokenFilter             - /auth/room/getRoomData,,2024-05-23 19:57:57,0.005
2024-05-23 19:57:58,271 [http-nio-9090-exec-3] INFO  o.f.teach.security.jwt.AuthTokenFilter             - /auth/room/getRoomData,,2024-05-23 19:57:58,0.003
2024-05-23 19:57:59,582 [http-nio-9090-exec-4] INFO  o.f.teach.security.jwt.AuthTokenFilter             - /auth/room/getRoomData,,2024-05-23 19:57:59,0.005
2024-05-23 19:58:00,974 [http-nio-9090-exec-5] INFO  o.f.teach.security.jwt.AuthTokenFilter             - /auth/room/getRoomData,,2024-05-23 19:58:00,0.003
2024-05-23 19:58:01,433 [http-nio-9090-exec-6] INFO  o.f.teach.security.jwt.AuthTokenFilter             - /auth/lobby/getRoomList,,2024-05-23 19:58:01,0.003
2024-05-23 19:58:01,973 [http-nio-9090-exec-7] INFO  o.f.teach.security.jwt.AuthTokenFilter             - /auth/room/getRoomData,,2024-05-23 19:58:01,0.004
2024-05-23 19:58:03,276 [http-nio-9090-exec-8] INFO  o.f.teach.security.jwt.AuthTokenFilter             - /auth/room/getRoomData,,2024-05-23 19:58:03,0.004
2024-05-23 19:58:03,977 [http-nio-9090-exec-9] INFO  o.f.teach.security.jwt.AuthTokenFilter             - /auth/room/getRoomData,,2024-05-23 19:58:03,0.002
2024-05-23 19:58:05,280 [http-nio-9090-exec-10] INFO  o.f.teach.security.jwt.AuthTokenFilter             - /auth/room/getRoomData,,2024-05-23 19:58:05,0.002
2024-05-23 19:58:05,978 [http-nio-9090-exec-1] INFO  o.f.teach.security.jwt.AuthTokenFilter             - /auth/room/getRoomData,,2024-05-23 19:58:05,0.002
2024-05-23 19:58:07,281 [http-nio-9090-exec-2] INFO  o.f.teach.security.jwt.AuthTokenFilter             - /auth/room/getRoomData,,2024-05-23 19:58:07,0.003
2024-05-23 19:58:07,985 [http-nio-9090-exec-3] INFO  o.f.teach.security.jwt.AuthTokenFilter             - /auth/room/getRoomData,,2024-05-23 19:58:07,0.003
2024-05-23 19:58:09,280 [http-nio-9090-exec-4] INFO  o.f.teach.security.jwt.AuthTokenFilter             - /auth/room/getRoomData,,2024-05-23 19:58:09,0.002
2024-05-23 19:58:09,978 [http-nio-9090-exec-5] INFO  o.f.teach.security.jwt.AuthTokenFilter             - /auth/room/getRoomData,,2024-05-23 19:58:09,0.003
2024-05-23 19:58:11,281 [http-nio-9090-exec-6] INFO  o.f.teach.security.jwt.AuthTokenFilter             - /auth/room/getRoomData,,2024-05-23 19:58:11,0.003
2024-05-23 19:58:11,973 [http-nio-9090-exec-7] INFO  o.f.teach.security.jwt.AuthTokenFilter             - /auth/room/getRoomData,,2024-05-23 19:58:11,0.004
2024-05-23 19:58:13,279 [http-nio-9090-exec-8] INFO  o.f.teach.security.jwt.AuthTokenFilter             - /auth/room/getRoomData,,2024-05-23 19:58:13,0.002
2024-05-23 19:58:13,471 [http-nio-9090-exec-9] INFO  o.f.teach.security.jwt.AuthTokenFilter             - /auth/lobby/joinRoom,,2024-05-23 19:58:13,0.043
2024-05-23 19:58:13,534 [http-nio-9090-exec-10] INFO  o.f.teach.security.jwt.AuthTokenFilter             - /auth/lobby/getRoomList,,2024-05-23 19:58:13,0.002
2024-05-23 19:58:13,794 [http-nio-9090-exec-1] INFO  o.f.teach.security.jwt.AuthTokenFilter             - /auth/room/getRoomData,,2024-05-23 19:58:13,0.005
2024-05-23 19:58:13,977 [http-nio-9090-exec-2] INFO  o.f.teach.security.jwt.AuthTokenFilter             - /auth/room/getRoomData,,2024-05-23 19:58:13,0.002
2024-05-23 19:58:14,795 [http-nio-9090-exec-3] INFO  o.f.teach.security.jwt.AuthTokenFilter             - /auth/room/getRoomData,,2024-05-23 19:58:14,0.002
2024-05-23 19:58:15,285 [http-nio-9090-exec-4] INFO  o.f.teach.security.jwt.AuthTokenFilter             - /auth/room/getRoomData,,2024-05-23 19:58:15,0.002
2024-05-23 19:58:15,795 [http-nio-9090-exec-5] INFO  o.f.teach.security.jwt.AuthTokenFilter             - /auth/room/getRoomData,,2024-05-23 19:58:15,0.003
2024-05-23 19:58:16,289 [http-nio-9090-exec-6] INFO  o.f.teach.security.jwt.AuthTokenFilter             - /auth/room/getRoomData,,2024-05-23 19:58:16,0.002
2024-05-23 19:58:16,532 [http-nio-9090-exec-7] INFO  o.f.teach.security.jwt.AuthTokenFilter             - /auth/room/getRoomData,,2024-05-23 19:58:16,0.002
2024-05-23 19:58:16,984 [http-nio-9090-exec-8] INFO  o.f.teach.security.jwt.AuthTokenFilter             - /auth/room/getRoomData,,2024-05-23 19:58:16,0.003
2024-05-23 19:58:17,576 [http-nio-9090-exec-9] INFO  o.f.teach.security.jwt.AuthTokenFilter             - /auth/room/getRoomData,,2024-05-23 19:58:17,0.003
2024-05-23 19:58:17,977 [http-nio-9090-exec-10] INFO  o.f.teach.security.jwt.AuthTokenFilter             - /auth/room/getRoomData,,2024-05-23 19:58:17,0.003
2024-05-23 19:58:18,586 [http-nio-9090-exec-1] INFO  o.f.teach.security.jwt.AuthTokenFilter             - /auth/room/getRoomData,,2024-05-23 19:58:18,0.002
2024-05-23 19:58:18,827 [http-nio-9090-exec-2] INFO  o.f.teach.security.jwt.AuthTokenFilter             - /auth/room/getRoomData,,2024-05-23 19:58:18,0.0
2024-05-23 19:58:19,407 [http-nio-9090-exec-3] INFO  o.f.teach.security.jwt.AuthTokenFilter             - /auth/room/getRoomData,,2024-05-23 19:58:19,0.004
2024-05-23 19:58:20,279 [http-nio-9090-exec-4] INFO  o.f.teach.security.jwt.AuthTokenFilter             - /auth/room/getRoomData,,2024-05-23 19:58:20,0.002
2024-05-23 19:58:20,534 [http-nio-9090-exec-5] INFO  o.f.teach.security.jwt.AuthTokenFilter             - /auth/room/getRoomData,,2024-05-23 19:58:20,0.002
2024-05-23 19:58:20,986 [http-nio-9090-exec-6] INFO  o.f.teach.security.jwt.AuthTokenFilter             - /auth/room/getRoomData,,2024-05-23 19:58:20,0.004
2024-05-23 19:58:21,586 [http-nio-9090-exec-7] INFO  o.f.teach.security.jwt.AuthTokenFilter             - /auth/room/getRoomData,,2024-05-23 19:58:21,0.003
2024-05-23 19:58:21,974 [http-nio-9090-exec-8] INFO  o.f.teach.security.jwt.AuthTokenFilter             - /auth/room/getRoomData,,2024-05-23 19:58:21,0.003
2024-05-23 19:58:22,573 [http-nio-9090-exec-9] INFO  o.f.teach.security.jwt.AuthTokenFilter             - /auth/room/getRoomData,,2024-05-23 19:58:22,0.002
2024-05-23 19:58:22,974 [http-nio-9090-exec-10] INFO  o.f.teach.security.jwt.AuthTokenFilter             - /auth/room/getRoomData,,2024-05-23 19:58:22,0.003
2024-05-23 19:58:23,575 [http-nio-9090-exec-1] INFO  o.f.teach.security.jwt.AuthTokenFilter             - /auth/room/getRoomData,,2024-05-23 19:58:23,0.001
2024-05-23 19:58:23,984 [http-nio-9090-exec-2] INFO  o.f.teach.security.jwt.AuthTokenFilter             - /auth/room/getRoomData,,2024-05-23 19:58:23,0.002
2024-05-23 19:58:24,586 [http-nio-9090-exec-3] INFO  o.f.teach.security.jwt.AuthTokenFilter             - /auth/room/getRoomData,,2024-05-23 19:58:24,0.002
2024-05-23 19:58:24,836 [http-nio-9090-exec-4] INFO  o.f.teach.security.jwt.AuthTokenFilter             - /auth/room/getRoomData,,2024-05-23 19:58:24,0.003
2024-05-23 19:58:25,270 [http-nio-9090-exec-5] INFO  o.f.teach.security.jwt.AuthTokenFilter             - /auth/room/getRoomData,,2024-05-23 19:58:25,0.003
2024-05-23 19:58:26,108 [http-nio-9090-exec-6] INFO  o.f.teach.security.jwt.AuthTokenFilter             - /auth/room/getRoomData,,2024-05-23 19:58:26,0.002
2024-05-23 19:58:26,361 [http-nio-9090-exec-7] INFO  o.f.teach.security.jwt.AuthTokenFilter             - /auth/room/getRoomData,,2024-05-23 19:58:26,0.003
2024-05-23 19:58:26,794 [http-nio-9090-exec-8] INFO  o.f.teach.security.jwt.AuthTokenFilter             - /auth/room/getRoomData,,2024-05-23 19:58:26,0.003
2024-05-23 19:58:27,574 [http-nio-9090-exec-9] INFO  o.f.teach.security.jwt.AuthTokenFilter             - /auth/room/getRoomData,,2024-05-23 19:58:27,0.002
2024-05-23 19:58:27,846 [http-nio-9090-exec-10] INFO  o.f.teach.security.jwt.AuthTokenFilter             - /auth/room/getRoomData,,2024-05-23 19:58:27,0.003
2024-05-23 19:58:28,277 [http-nio-9090-exec-1] INFO  o.f.teach.security.jwt.AuthTokenFilter             - /auth/room/getRoomData,,2024-05-23 19:58:28,0.009
2024-05-23 19:58:29,111 [http-nio-9090-exec-2] INFO  o.f.teach.security.jwt.AuthTokenFilter             - /auth/room/getRoomData,,2024-05-23 19:58:29,0.004
2024-05-23 19:58:29,358 [http-nio-9090-exec-3] INFO  o.f.teach.security.jwt.AuthTokenFilter             - /auth/room/getRoomData,,2024-05-23 19:58:29,0.002
2024-05-23 19:58:29,793 [http-nio-9090-exec-4] INFO  o.f.teach.security.jwt.AuthTokenFilter             - /auth/room/getRoomData,,2024-05-23 19:58:29,0.003
2024-05-23 19:58:30,574 [http-nio-9090-exec-5] INFO  o.f.teach.security.jwt.AuthTokenFilter             - /auth/room/getRoomData,,2024-05-23 19:58:30,0.002
2024-05-23 19:58:30,840 [http-nio-9090-exec-6] INFO  o.f.teach.security.jwt.AuthTokenFilter             - /auth/room/getRoomData,,2024-05-23 19:58:30,0.002
2024-05-23 19:58:31,272 [http-nio-9090-exec-7] INFO  o.f.teach.security.jwt.AuthTokenFilter             - /auth/room/getRoomData,,2024-05-23 19:58:31,0.003
2024-05-23 19:58:32,107 [http-nio-9090-exec-8] INFO  o.f.teach.security.jwt.AuthTokenFilter             - /auth/room/getRoomData,,2024-05-23 19:58:32,0.002
2024-05-23 19:58:32,356 [http-nio-9090-exec-9] INFO  o.f.teach.security.jwt.AuthTokenFilter             - /auth/room/getRoomData,,2024-05-23 19:58:32,0.002
2024-05-23 19:58:32,793 [http-nio-9090-exec-10] INFO  o.f.teach.security.jwt.AuthTokenFilter             - /auth/room/getRoomData,,2024-05-23 19:58:32,0.002
2024-05-23 19:58:33,579 [http-nio-9090-exec-1] INFO  o.f.teach.security.jwt.AuthTokenFilter             - /auth/room/getRoomData,,2024-05-23 19:58:33,0.003
2024-05-23 19:58:33,840 [http-nio-9090-exec-2] INFO  o.f.teach.security.jwt.AuthTokenFilter             - /auth/room/getRoomData,,2024-05-23 19:58:33,0.002
2024-05-23 19:58:34,272 [http-nio-9090-exec-3] INFO  o.f.teach.security.jwt.AuthTokenFilter             - /auth/room/getRoomData,,2024-05-23 19:58:34,0.002
2024-05-23 19:58:35,101 [http-nio-9090-exec-4] INFO  o.f.teach.security.jwt.AuthTokenFilter             - /auth/room/getRoomData,,2024-05-23 19:58:35,0.002
2024-05-23 19:58:35,368 [http-nio-9090-exec-5] INFO  o.f.teach.security.jwt.AuthTokenFilter             - /auth/room/getRoomData,,2024-05-23 19:58:35,0.002
2024-05-23 19:58:35,792 [http-nio-9090-exec-6] INFO  o.f.teach.security.jwt.AuthTokenFilter             - /auth/room/getRoomData,,2024-05-23 19:58:35,0.002
2024-05-23 19:58:36,574 [http-nio-9090-exec-7] INFO  o.f.teach.security.jwt.AuthTokenFilter             - /auth/room/getRoomData,,2024-05-23 19:58:36,0.003
2024-05-23 19:58:36,837 [http-nio-9090-exec-8] INFO  o.f.teach.security.jwt.AuthTokenFilter             - /auth/room/getRoomData,,2024-05-23 19:58:36,0.002
2024-05-23 19:58:37,268 [http-nio-9090-exec-9] INFO  o.f.teach.security.jwt.AuthTokenFilter             - /auth/room/getRoomData,,2024-05-23 19:58:37,0.002
2024-05-23 19:58:38,101 [http-nio-9090-exec-10] INFO  o.f.teach.security.jwt.AuthTokenFilter             - /auth/room/getRoomData,,2024-05-23 19:58:38,0.002
2024-05-23 19:58:38,364 [http-nio-9090-exec-1] INFO  o.f.teach.security.jwt.AuthTokenFilter             - /auth/room/getRoomData,,2024-05-23 19:58:38,0.003
2024-05-23 19:58:38,792 [http-nio-9090-exec-2] INFO  o.f.teach.security.jwt.AuthTokenFilter             - /auth/room/getRoomData,,2024-05-23 19:58:38,0.002
2024-05-23 19:58:39,583 [http-nio-9090-exec-3] INFO  o.f.teach.security.jwt.AuthTokenFilter             - /auth/room/getRoomData,,2024-05-23 19:58:39,0.002
2024-05-23 19:58:39,836 [http-nio-9090-exec-5] INFO  o.f.teach.security.jwt.AuthTokenFilter             - /auth/room/getRoomData,,2024-05-23 19:58:39,0.003
2024-05-23 19:58:39,840 [http-nio-9090-exec-4] INFO  o.f.teach.security.jwt.AuthTokenFilter             - /auth/room/editContent,,2024-05-23 19:58:39,0.006
2024-05-23 19:58:40,271 [http-nio-9090-exec-6] INFO  o.f.teach.security.jwt.AuthTokenFilter             - /auth/room/getRoomData,,2024-05-23 19:58:40,0.003
2024-05-23 19:58:40,793 [http-nio-9090-exec-7] INFO  o.f.teach.security.jwt.AuthTokenFilter             - /auth/room/getRoomData,,2024-05-23 19:58:40,0.003
2024-05-23 19:58:41,271 [http-nio-9090-exec-8] INFO  o.f.teach.security.jwt.AuthTokenFilter             - /auth/room/getRoomData,,2024-05-23 19:58:41,0.002
2024-05-23 19:58:41,793 [http-nio-9090-exec-9] INFO  o.f.teach.security.jwt.AuthTokenFilter             - /auth/room/getRoomData,,2024-05-23 19:58:41,0.003
2024-05-23 19:58:42,583 [http-nio-9090-exec-10] INFO  o.f.teach.security.jwt.AuthTokenFilter             - /auth/room/getRoomData,,2024-05-23 19:58:42,0.002
2024-05-23 19:58:42,852 [http-nio-9090-exec-1] INFO  o.f.teach.security.jwt.AuthTokenFilter             - /auth/room/getRoomData,,2024-05-23 19:58:42,0.002
2024-05-23 19:58:43,269 [http-nio-9090-exec-2] INFO  o.f.teach.security.jwt.AuthTokenFilter             - /auth/room/getRoomData,,2024-05-23 19:58:43,0.002
2024-05-23 19:58:44,109 [http-nio-9090-exec-3] INFO  o.f.teach.security.jwt.AuthTokenFilter             - /auth/room/getRoomData,,2024-05-23 19:58:44,0.002
2024-05-23 19:58:44,359 [http-nio-9090-exec-5] INFO  o.f.teach.security.jwt.AuthTokenFilter             - /auth/room/getRoomData,,2024-05-23 19:58:44,0.002
2024-05-23 19:58:44,797 [http-nio-9090-exec-4] INFO  o.f.teach.security.jwt.AuthTokenFilter             - /auth/room/getRoomData,,2024-05-23 19:58:44,0.002
2024-05-23 19:58:45,579 [http-nio-9090-exec-6] INFO  o.f.teach.security.jwt.AuthTokenFilter             - /auth/room/getRoomData,,2024-05-23 19:58:45,0.003
2024-05-23 19:58:45,846 [http-nio-9090-exec-7] INFO  o.f.teach.security.jwt.AuthTokenFilter             - /auth/room/getRoomData,,2024-05-23 19:58:45,0.002
2024-05-23 19:58:46,133 [http-nio-9090-exec-8] INFO  o.f.teach.security.jwt.AuthTokenFilter             - /auth/room/editContent,,2024-05-23 19:58:46,0.04
2024-05-23 19:58:46,299 [http-nio-9090-exec-9] INFO  o.f.teach.security.jwt.AuthTokenFilter             - /auth/room/getRoomData,,2024-05-23 19:58:46,0.002
2024-05-23 19:58:46,793 [http-nio-9090-exec-10] INFO  o.f.teach.security.jwt.AuthTokenFilter             - /auth/room/getRoomData,,2024-05-23 19:58:46,0.004
2024-05-23 19:58:47,268 [http-nio-9090-exec-1] INFO  o.f.teach.security.jwt.AuthTokenFilter             - /auth/room/getRoomData,,2024-05-23 19:58:47,0.002
2024-05-23 19:58:48,109 [http-nio-9090-exec-2] INFO  o.f.teach.security.jwt.AuthTokenFilter             - /auth/room/getRoomData,,2024-05-23 19:58:48,0.002
2024-05-23 19:58:48,375 [http-nio-9090-exec-3] INFO  o.f.teach.security.jwt.AuthTokenFilter             - /auth/room/getRoomData,,2024-05-23 19:58:48,0.002
2024-05-23 19:58:48,797 [http-nio-9090-exec-5] INFO  o.f.teach.security.jwt.AuthTokenFilter             - /auth/room/getRoomData,,2024-05-23 19:58:48,0.002
2024-05-23 19:58:49,570 [http-nio-9090-exec-4] INFO  o.f.teach.security.jwt.AuthTokenFilter             - /auth/room/getRoomData,,2024-05-23 19:58:49,0.003
2024-05-23 19:58:49,835 [http-nio-9090-exec-6] INFO  o.f.teach.security.jwt.AuthTokenFilter             - /auth/room/getRoomData,,2024-05-23 19:58:49,0.003
2024-05-23 19:58:50,269 [http-nio-9090-exec-7] INFO  o.f.teach.security.jwt.AuthTokenFilter             - /auth/room/getRoomData,,2024-05-23 19:58:50,0.003
2024-05-23 19:58:51,110 [http-nio-9090-exec-8] INFO  o.f.teach.security.jwt.AuthTokenFilter             - /auth/room/getRoomData,,2024-05-23 19:58:51,0.002
2024-05-23 19:58:51,362 [http-nio-9090-exec-9] INFO  o.f.teach.security.jwt.AuthTokenFilter             - /auth/room/getRoomData,,2024-05-23 19:58:51,0.003
2024-05-23 19:58:51,797 [http-nio-9090-exec-10] INFO  o.f.teach.security.jwt.AuthTokenFilter             - /auth/room/getRoomData,,2024-05-23 19:58:51,0.002
2024-05-23 19:58:52,576 [http-nio-9090-exec-1] INFO  o.f.teach.security.jwt.AuthTokenFilter             - /auth/room/getRoomData,,2024-05-23 19:58:52,0.003
2024-05-23 19:58:52,842 [http-nio-9090-exec-2] INFO  o.f.teach.security.jwt.AuthTokenFilter             - /auth/room/getRoomData,,2024-05-23 19:58:52,0.002
2024-05-23 19:58:53,268 [http-nio-9090-exec-3] INFO  o.f.teach.security.jwt.AuthTokenFilter             - /auth/room/getRoomData,,2024-05-23 19:58:53,0.002
2024-05-23 19:58:54,111 [http-nio-9090-exec-5] INFO  o.f.teach.security.jwt.AuthTokenFilter             - /auth/room/getRoomData,,2024-05-23 19:58:54,0.002
2024-05-23 19:58:54,305 [http-nio-9090-exec-4] INFO  o.f.teach.security.jwt.AuthTokenFilter             - /auth/room/editContent,,2024-05-23 19:58:54,0.04
2024-05-23 19:58:54,362 [http-nio-9090-exec-6] INFO  o.f.teach.security.jwt.AuthTokenFilter             - /auth/room/getRoomData,,2024-05-23 19:58:54,0.002
2024-05-23 19:58:54,796 [http-nio-9090-exec-7] INFO  o.f.teach.security.jwt.AuthTokenFilter             - /auth/room/getRoomData,,2024-05-23 19:58:54,0.002
2024-05-23 19:58:55,579 [http-nio-9090-exec-8] INFO  o.f.teach.security.jwt.AuthTokenFilter             - /auth/room/getRoomData,,2024-05-23 19:58:55,0.004
2024-05-23 19:58:55,867 [http-nio-9090-exec-9] INFO  o.f.teach.security.jwt.AuthTokenFilter             - /auth/room/getRoomData,,2024-05-23 19:58:55,0.008
2024-05-23 19:58:56,114 [http-nio-9090-exec-10] INFO  o.f.teach.security.jwt.AuthTokenFilter             - /auth/room/editContent,,2024-05-23 19:58:56,0.005
2024-05-23 19:58:56,269 [http-nio-9090-exec-1] INFO  o.f.teach.security.jwt.AuthTokenFilter             - /auth/room/getRoomData,,2024-05-23 19:58:56,0.003
2024-05-23 19:58:57,108 [http-nio-9090-exec-2] INFO  o.f.teach.security.jwt.AuthTokenFilter             - /auth/room/getRoomData,,2024-05-23 19:58:57,0.002
2024-05-23 19:58:57,375 [http-nio-9090-exec-3] INFO  o.f.teach.security.jwt.AuthTokenFilter             - /auth/room/getRoomData,,2024-05-23 19:58:57,0.003
2024-05-23 19:58:57,796 [http-nio-9090-exec-5] INFO  o.f.teach.security.jwt.AuthTokenFilter             - /auth/room/getRoomData,,2024-05-23 19:58:57,0.002
2024-05-23 19:58:58,577 [http-nio-9090-exec-4] INFO  o.f.teach.security.jwt.AuthTokenFilter             - /auth/room/getRoomData,,2024-05-23 19:58:58,0.002
2024-05-23 19:58:58,848 [http-nio-9090-exec-7] INFO  o.f.teach.security.jwt.AuthTokenFilter             - /auth/room/getRoomData,,2024-05-23 19:58:58,0.017
2024-05-23 19:58:58,861 [http-nio-9090-exec-6] INFO  o.f.teach.security.jwt.AuthTokenFilter             - /auth/room/editContent,,2024-05-23 19:58:58,0.046
2024-05-23 19:58:59,271 [http-nio-9090-exec-8] INFO  o.f.teach.security.jwt.AuthTokenFilter             - /auth/room/getRoomData,,2024-05-23 19:58:59,0.005
2024-05-23 19:59:00,111 [http-nio-9090-exec-9] INFO  o.f.teach.security.jwt.AuthTokenFilter             - /auth/room/getRoomData,,2024-05-23 19:59:00,0.004
2024-05-23 19:59:00,360 [http-nio-9090-exec-10] INFO  o.f.teach.security.jwt.AuthTokenFilter             - /auth/room/getRoomData,,2024-05-23 19:59:00,0.004
2024-05-23 19:59:00,617 [http-nio-9090-exec-1] INFO  o.f.teach.security.jwt.AuthTokenFilter             - /auth/room/editContent,,2024-05-23 19:59:00,0.041
2024-05-23 19:59:00,792 [http-nio-9090-exec-2] INFO  o.f.teach.security.jwt.AuthTokenFilter             - /auth/room/getRoomData,,2024-05-23 19:59:00,0.002
2024-05-23 19:59:01,578 [http-nio-9090-exec-3] INFO  o.f.teach.security.jwt.AuthTokenFilter             - /auth/room/getRoomData,,2024-05-23 19:59:01,0.002
2024-05-23 19:59:01,845 [http-nio-9090-exec-5] INFO  o.f.teach.security.jwt.AuthTokenFilter             - /auth/room/getRoomData,,2024-05-23 19:59:01,0.002
2024-05-23 19:59:02,268 [http-nio-9090-exec-4] INFO  o.f.teach.security.jwt.AuthTokenFilter             - /auth/room/getRoomData,,2024-05-23 19:59:02,0.002
2024-05-23 19:59:02,626 [http-nio-9090-exec-7] INFO  o.f.teach.security.jwt.AuthTokenFilter             - /auth/room/editContent,,2024-05-23 19:59:02,0.04
2024-05-23 19:59:02,851 [http-nio-9090-exec-6] INFO  o.f.teach.security.jwt.AuthTokenFilter             - /auth/room/getRoomData,,2024-05-23 19:59:02,0.002
2024-05-23 19:59:03,268 [http-nio-9090-exec-8] INFO  o.f.teach.security.jwt.AuthTokenFilter             - /auth/room/getRoomData,,2024-05-23 19:59:03,0.002
2024-05-23 19:59:04,060 [http-nio-9090-exec-9] INFO  o.f.teach.security.jwt.AuthTokenFilter             - /auth/room/editContent,,2024-05-23 19:59:04,0.04
2024-05-23 19:59:04,101 [http-nio-9090-exec-10] INFO  o.f.teach.security.jwt.AuthTokenFilter             - /auth/room/getRoomData,,2024-05-23 19:59:04,0.002
2024-05-23 19:59:04,286 [http-nio-9090-exec-1] INFO  o.f.teach.security.jwt.AuthTokenFilter             - /auth/room/getRoomData,,2024-05-23 19:59:04,0.001
2024-05-23 19:59:04,794 [http-nio-9090-exec-2] INFO  o.f.teach.security.jwt.AuthTokenFilter             - /auth/room/getRoomData,,2024-05-23 19:59:04,0.002
2024-05-23 19:59:05,581 [http-nio-9090-exec-3] INFO  o.f.teach.security.jwt.AuthTokenFilter             - /auth/room/getRoomData,,2024-05-23 19:59:05,0.002
2024-05-23 19:59:05,760 [http-nio-9090-exec-5] INFO  o.f.teach.security.jwt.AuthTokenFilter             - /auth/room/editContent,,2024-05-23 19:59:05,0.007
2024-05-23 19:59:05,832 [http-nio-9090-exec-4] INFO  o.f.teach.security.jwt.AuthTokenFilter             - /auth/room/getRoomData,,2024-05-23 19:59:05,0.002
2024-05-23 19:59:06,268 [http-nio-9090-exec-7] INFO  o.f.teach.security.jwt.AuthTokenFilter             - /auth/room/getRoomData,,2024-05-23 19:59:06,0.002
2024-05-23 19:59:22,543 [http-nio-9090-exec-6] INFO  o.f.teach.security.jwt.AuthTokenFilter             - /auth/lobby/getRoomList,,2024-05-23 19:59:22,0.001
2024-05-23 20:09:42,780 [SpringApplicationShutdownHook] INFO  o.s.o.j.LocalContainerEntityManagerFactoryBean     - Closing JPA EntityManagerFactory for persistence unit 'default'
2024-05-23 20:09:42,781 [SpringApplicationShutdownHook] INFO  com.zaxxer.hikari.HikariDataSource                 - HikariPool-1 - Shutdown initiated...
2024-05-23 20:09:42,784 [SpringApplicationShutdownHook] INFO  com.zaxxer.hikari.HikariDataSource                 - HikariPool-1 - Shutdown completed.
